# JRE version: OpenJDK Runtime Environment Corretto-17.0.13.11.1 (17.0.13+11) (build 17.0.13+11-LTS)
# Java VM: OpenJDK 64-Bit Server VM Corretto-17.0.13.11.1 (17.0.13+11-LTS, mixed mode, sharing, tiered, compressed oops, compressed class ptrs, g1 gc, windows-amd64)
GC Precious Log:
 CPUs: 8 total, 8 available
 Memory: 16183M
 Large Page Support: Disabled
 NUMA Support: Disabled
 Compressed Oops: Enabled (32-bit)
 Heap Region Size: 1M
 Heap Min Capacity: 256M
 Heap Initial Capacity: 256M
 Heap Max Capacity: 512M
 Pre-touch: Disabled
 Parallel Workers: 8
 Concurrent Workers: 2
 Concurrent Refinement Workers: 8
 Periodic GC: Disabled
Heap:
 garbage-first heap   total 276480K, used 228430K [0x00000000e0000000, 0x0000000100000000)
  region size 1024K, 13 young (13312K), 2 survivors (2048K)
 Metaspace       used 89793K, committed 93376K, reserved 458752K
  class space    used 11591K, committed 12544K, reserved 327680K
GC Heap History (20 events):
Event: 1095.867 GC heap before
{Heap before GC invocations=60 (full 0):
 garbage-first heap   total 276480K, used 241852K [0x00000000e0000000, 0x0000000100000000)
  region size 1024K, 15 young (15360K), 2 survivors (2048K)
 Metaspace       used 97255K, committed 98240K, reserved 458752K
  class space    used 12448K, committed 12928K, reserved 327680K
}
Event: 1095.870 GC heap after
{Heap after GC invocations=61 (full 0):
 garbage-first heap   total 276480K, used 229907K [0x00000000e0000000, 0x0000000100000000)
  region size 1024K, 2 young (2048K), 2 survivors (2048K)
 Metaspace       used 97255K, committed 98240K, reserved 458752K
  class space    used 12448K, committed 12928K, reserved 327680K
}
Event: 1095.980 GC heap before
{Heap before GC invocations=61 (full 0):
 garbage-first heap   total 276480K, used 242195K [0x00000000e0000000, 0x0000000100000000)
  region size 1024K, 14 young (14336K), 2 survivors (2048K)
 Metaspace       used 97280K, committed 98304K, reserved 458752K
  class space    used 12448K, committed 12928K, reserved 327680K
}
Event: 1095.984 GC heap after
{Heap after GC invocations=62 (full 0):
 garbage-first heap   total 276480K, used 231131K [0x00000000e0000000, 0x0000000100000000)
  region size 1024K, 2 young (2048K), 2 survivors (2048K)
 Metaspace       used 97280K, committed 98304K, reserved 458752K
  class space    used 12448K, committed 12928K, reserved 327680K
}
Event: 1096.137 GC heap before
{Heap before GC invocations=62 (full 0):
 garbage-first heap   total 276480K, used 242395K [0x00000000e0000000, 0x0000000100000000)
  region size 1024K, 13 young (13312K), 2 survivors (2048K)
 Metaspace       used 97291K, committed 98304K, reserved 458752K
  class space    used 12449K, committed 12928K, reserved 327680K
}
Event: 1096.139 GC heap after
{Heap after GC invocations=63 (full 0):
 garbage-first heap   total 276480K, used 232417K [0x00000000e0000000, 0x0000000100000000)
  region size 1024K, 2 young (2048K), 2 survivors (2048K)
 Metaspace       used 97291K, committed 98304K, reserved 458752K
  class space    used 12449K, committed 12928K, reserved 327680K
}
Event: 1096.200 GC heap before
{Heap before GC invocations=63 (full 0):
 garbage-first heap   total 276480K, used 243681K [0x00000000e0000000, 0x0000000100000000)
  region size 1024K, 13 young (13312K), 2 survivors (2048K)
 Metaspace       used 97291K, committed 98304K, reserved 458752K
  class space    used 12449K, committed 12928K, reserved 327680K
}
Event: 1096.203 GC heap after
{Heap after GC invocations=64 (full 0):
 garbage-first heap   total 276480K, used 233762K [0x00000000e0000000, 0x0000000100000000)
  region size 1024K, 2 young (2048K), 2 survivors (2048K)
 Metaspace       used 97291K, committed 98304K, reserved 458752K
  class space    used 12449K, committed 12928K, reserved 327680K
}
Event: 1096.334 GC heap before
{Heap before GC invocations=64 (full 0):
 garbage-first heap   total 276480K, used 245026K [0x00000000e0000000, 0x0000000100000000)
  region size 1024K, 13 young (13312K), 2 survivors (2048K)
 Metaspace       used 97293K, committed 98304K, reserved 458752K
  class space    used 12449K, committed 12928K, reserved 327680K
}
Event: 1096.336 GC heap after
{Heap after GC invocations=65 (full 0):
 garbage-first heap   total 276480K, used 234851K [0x00000000e0000000, 0x0000000100000000)
  region size 1024K, 2 young (2048K), 2 survivors (2048K)
 Metaspace       used 97293K, committed 98304K, reserved 458752K
  class space    used 12449K, committed 12928K, reserved 327680K
}
Event: 1096.437 GC heap before
{Heap before GC invocations=65 (full 0):
 garbage-first heap   total 276480K, used 246115K [0x00000000e0000000, 0x0000000100000000)
  region size 1024K, 13 young (13312K), 2 survivors (2048K)
 Metaspace       used 97360K, committed 98368K, reserved 458752K
  class space    used 12449K, committed 12928K, reserved 327680K
}
Event: 1096.440 GC heap after
{Heap after GC invocations=66 (full 0):
 garbage-first heap   total 276480K, used 236002K [0x00000000e0000000, 0x0000000100000000)
  region size 1024K, 2 young (2048K), 2 survivors (2048K)
 Metaspace       used 97360K, committed 98368K, reserved 458752K
  class space    used 12449K, committed 12928K, reserved 327680K
}
Event: 1096.517 GC heap before
{Heap before GC invocations=66 (full 0):
 garbage-first heap   total 276480K, used 247266K [0x00000000e0000000, 0x0000000100000000)
  region size 1024K, 13 young (13312K), 2 survivors (2048K)
 Metaspace       used 97363K, committed 98368K, reserved 458752K
  class space    used 12450K, committed 12928K, reserved 327680K
}
Event: 1096.520 GC heap after
{Heap after GC invocations=67 (full 0):
 garbage-first heap   total 276480K, used 237527K [0x00000000e0000000, 0x0000000100000000)
  region size 1024K, 2 young (2048K), 2 survivors (2048K)
 Metaspace       used 97363K, committed 98368K, reserved 458752K
  class space    used 12450K, committed 12928K, reserved 327680K
}
Event: 1096.584 GC heap before
{Heap before GC invocations=67 (full 0):
 garbage-first heap   total 276480K, used 248791K [0x00000000e0000000, 0x0000000100000000)
  region size 1024K, 13 young (13312K), 2 survivors (2048K)
 Metaspace       used 97372K, committed 98368K, reserved 458752K
  class space    used 12450K, committed 12928K, reserved 327680K
}
Event: 1096.592 GC heap after
{Heap after GC invocations=68 (full 0):
 garbage-first heap   total 276480K, used 239528K [0x00000000e0000000, 0x0000000100000000)
  region size 1024K, 2 young (2048K), 2 survivors (2048K)
 Metaspace       used 97372K, committed 98368K, reserved 458752K
  class space    used 12450K, committed 12928K, reserved 327680K
}
Event: 1096.695 GC heap before
{Heap before GC invocations=68 (full 0):
 garbage-first heap   total 276480K, used 250792K [0x00000000e0000000, 0x0000000100000000)
  region size 1024K, 13 young (13312K), 2 survivors (2048K)
 Metaspace       used 97373K, committed 98368K, reserved 458752K
  class space    used 12450K, committed 12928K, reserved 327680K
}
Event: 1096.701 GC heap after
{Heap after GC invocations=69 (full 0):
 garbage-first heap   total 276480K, used 240798K [0x00000000e0000000, 0x0000000100000000)
  region size 1024K, 2 young (2048K), 2 survivors (2048K)
 Metaspace       used 97373K, committed 98368K, reserved 458752K
  class space    used 12450K, committed 12928K, reserved 327680K
}
Event: 1096.759 GC heap before
{Heap before GC invocations=69 (full 0):
 garbage-first heap   total 276480K, used 252062K [0x00000000e0000000, 0x0000000100000000)
  region size 1024K, 13 young (13312K), 2 survivors (2048K)
 Metaspace       used 97394K, committed 98432K, reserved 458752K
  class space    used 12450K, committed 12928K, reserved 327680K
}
Event: 1096.764 GC heap after
{Heap after GC invocations=70 (full 0):
 garbage-first heap   total 276480K, used 242766K [0x00000000e0000000, 0x0000000100000000)
  region size 1024K, 2 young (2048K), 2 survivors (2048K)
 Metaspace       used 97394K, committed 98432K, reserved 458752K
  class space    used 12450K, committed 12928K, reserved 327680K
}

